# JRE version: OpenJDK Runtime Environment (21.0.7) (build 21.0.7+-13880790-b1038.58)
# Java VM: OpenJDK 64-Bit Server VM (21.0.7+-13880790-b1038.58, mixed mode, tiered, compressed oops, compressed class ptrs, g1 gc, windows-amd64)
GC Precious Log:
 CardTable entry size: 512
 Card Set container configuration: InlinePtr #cards 5 size 8 Array Of Cards #cards 12 size 40 Howl #buckets 4 coarsen threshold 1843 Howl Bitmap #cards 512 size 80 coarsen threshold 460 Card regions per heap region 1 cards per card region 2048
 CPUs: 4 total, 4 available
 Memory: 11982M
 Large Page Support: Disabled
 NUMA Support: Disabled
 Compressed Oops: Enabled (32-bit)
 Heap Region Size: 1M
 Heap Min Capacity: 8M
 Heap Initial Capacity: 188M
 Heap Max Capacity: 2G
 Pre-touch: Disabled
 Parallel Workers: 4
 Concurrent Workers: 1
 Concurrent Refinement Workers: 4
 Periodic GC: Disabled
Heap:
 garbage-first heap   total 239616K, used 168960K [0x0000000080000000, 0x0000000100000000)
  region size 1024K, 32 young (32768K), 5 survivors (5120K)
 Metaspace       used 127554K, committed 129920K, reserved 1179648K
  class space    used 17421K, committed 18624K, reserved 1048576K
GC Heap History (20 events):
Event: 77.515 GC heap before
{Heap before GC invocations=54 (full 0):
 garbage-first heap   total 171008K, used 154496K [0x0000000080000000, 0x0000000100000000)
  region size 1024K, 54 young (55296K), 6 survivors (6144K)
 Metaspace       used 117479K, committed 119744K, reserved 1179648K
  class space    used 16223K, committed 17344K, reserved 1048576K
}
Event: 77.525 GC heap after
{Heap after GC invocations=55 (full 0):
 garbage-first heap   total 171008K, used 109919K [0x0000000080000000, 0x0000000100000000)
  region size 1024K, 7 young (7168K), 7 survivors (7168K)
 Metaspace       used 117479K, committed 119744K, reserved 1179648K
  class space    used 16223K, committed 17344K, reserved 1048576K
}
Event: 79.129 GC heap before
{Heap before GC invocations=56 (full 0):
 garbage-first heap   total 184320K, used 152927K [0x0000000080000000, 0x0000000100000000)
  region size 1024K, 50 young (51200K), 7 survivors (7168K)
 Metaspace       used 118005K, committed 120256K, reserved 1179648K
  class space    used 16251K, committed 17344K, reserved 1048576K
}
Event: 79.141 GC heap after
{Heap after GC invocations=57 (full 0):
 garbage-first heap   total 184320K, used 117760K [0x0000000080000000, 0x0000000100000000)
  region size 1024K, 7 young (7168K), 7 survivors (7168K)
 Metaspace       used 118005K, committed 120256K, reserved 1179648K
  class space    used 16251K, committed 17344K, reserved 1048576K
}
Event: 80.547 GC heap before
{Heap before GC invocations=57 (full 0):
 garbage-first heap   total 184320K, used 172032K [0x0000000080000000, 0x0000000100000000)
  region size 1024K, 56 young (57344K), 7 survivors (7168K)
 Metaspace       used 122147K, committed 124352K, reserved 1179648K
  class space    used 16681K, committed 17792K, reserved 1048576K
}
Event: 80.567 GC heap after
{Heap after GC invocations=58 (full 0):
 garbage-first heap   total 190464K, used 125736K [0x0000000080000000, 0x0000000100000000)
  region size 1024K, 7 young (7168K), 7 survivors (7168K)
 Metaspace       used 122147K, committed 124352K, reserved 1179648K
  class space    used 16681K, committed 17792K, reserved 1048576K
}
Event: 81.047 GC heap before
{Heap before GC invocations=58 (full 0):
 garbage-first heap   total 190464K, used 172840K [0x0000000080000000, 0x0000000100000000)
  region size 1024K, 53 young (54272K), 7 survivors (7168K)
 Metaspace       used 122267K, committed 124480K, reserved 1179648K
  class space    used 16688K, committed 17792K, reserved 1048576K
}
Event: 81.058 GC heap after
{Heap after GC invocations=59 (full 0):
 garbage-first heap   total 190464K, used 130474K [0x0000000080000000, 0x0000000100000000)
  region size 1024K, 4 young (4096K), 4 survivors (4096K)
 Metaspace       used 122267K, committed 124480K, reserved 1179648K
  class space    used 16688K, committed 17792K, reserved 1048576K
}
Event: 81.679 GC heap before
{Heap before GC invocations=60 (full 0):
 garbage-first heap   total 219136K, used 172458K [0x0000000080000000, 0x0000000100000000)
  region size 1024K, 46 young (47104K), 4 survivors (4096K)
 Metaspace       used 122278K, committed 124544K, reserved 1179648K
  class space    used 16688K, committed 17792K, reserved 1048576K
}
Event: 81.686 GC heap after
{Heap after GC invocations=61 (full 0):
 garbage-first heap   total 219136K, used 132418K [0x0000000080000000, 0x0000000100000000)
  region size 1024K, 4 young (4096K), 4 survivors (4096K)
 Metaspace       used 122278K, committed 124544K, reserved 1179648K
  class space    used 16688K, committed 17792K, reserved 1048576K
}
Event: 83.048 GC heap before
{Heap before GC invocations=61 (full 0):
 garbage-first heap   total 219136K, used 195906K [0x0000000080000000, 0x0000000100000000)
  region size 1024K, 67 young (68608K), 4 survivors (4096K)
 Metaspace       used 122818K, committed 125056K, reserved 1179648K
  class space    used 16789K, committed 17856K, reserved 1048576K
}
Event: 83.061 GC heap after
{Heap after GC invocations=62 (full 0):
 garbage-first heap   total 219136K, used 132431K [0x0000000080000000, 0x0000000100000000)
  region size 1024K, 7 young (7168K), 7 survivors (7168K)
 Metaspace       used 122818K, committed 125056K, reserved 1179648K
  class space    used 16789K, committed 17856K, reserved 1048576K
}
Event: 83.551 GC heap before
{Heap before GC invocations=62 (full 0):
 garbage-first heap   total 219136K, used 197967K [0x0000000080000000, 0x0000000100000000)
  region size 1024K, 71 young (72704K), 7 survivors (7168K)
 Metaspace       used 122901K, committed 125184K, reserved 1179648K
  class space    used 16799K, committed 17920K, reserved 1048576K
}
Event: 83.559 GC heap after
{Heap after GC invocations=63 (full 0):
 garbage-first heap   total 219136K, used 134984K [0x0000000080000000, 0x0000000100000000)
  region size 1024K, 5 young (5120K), 5 survivors (5120K)
 Metaspace       used 122901K, committed 125184K, reserved 1179648K
  class space    used 16799K, committed 17920K, reserved 1048576K
}
Event: 84.512 GC heap before
{Heap before GC invocations=64 (full 0):
 garbage-first heap   total 227328K, used 198472K [0x0000000080000000, 0x0000000100000000)
  region size 1024K, 68 young (69632K), 5 survivors (5120K)
 Metaspace       used 123292K, committed 125504K, reserved 1179648K
  class space    used 16838K, committed 17920K, reserved 1048576K
}
Event: 84.519 GC heap after
{Heap after GC invocations=65 (full 0):
 garbage-first heap   total 227328K, used 137734K [0x0000000080000000, 0x0000000100000000)
  region size 1024K, 8 young (8192K), 8 survivors (8192K)
 Metaspace       used 123292K, committed 125504K, reserved 1179648K
  class space    used 16838K, committed 17920K, reserved 1048576K
}
Event: 86.071 GC heap before
{Heap before GC invocations=65 (full 0):
 garbage-first heap   total 227328K, used 204294K [0x0000000080000000, 0x0000000100000000)
  region size 1024K, 74 young (75776K), 8 survivors (8192K)
 Metaspace       used 126836K, committed 129088K, reserved 1179648K
  class space    used 17303K, committed 18432K, reserved 1048576K
}
Event: 86.083 GC heap after
{Heap after GC invocations=66 (full 0):
 garbage-first heap   total 227328K, used 140598K [0x0000000080000000, 0x0000000100000000)
  region size 1024K, 10 young (10240K), 10 survivors (10240K)
 Metaspace       used 126836K, committed 129088K, reserved 1179648K
  class space    used 17303K, committed 18432K, reserved 1048576K
}
Event: 87.266 GC heap before
{Heap before GC invocations=66 (full 0):
 garbage-first heap   total 227328K, used 203062K [0x0000000080000000, 0x0000000100000000)
  region size 1024K, 72 young (73728K), 10 survivors (10240K)
 Metaspace       used 127443K, committed 129792K, reserved 1179648K
  class space    used 17407K, committed 18560K, reserved 1048576K
}
Event: 87.277 GC heap after
{Heap after GC invocations=67 (full 0):
 garbage-first heap   total 227328K, used 143360K [0x0000000080000000, 0x0000000100000000)
  region size 1024K, 5 young (5120K), 5 survivors (5120K)
 Metaspace       used 127443K, committed 129792K, reserved 1179648K
  class space    used 17407K, committed 18560K, reserved 1048576K
}

