# JRE version: OpenJDK Runtime Environment (21.0.7) (build 21.0.7+-13880790-b1038.58)
# Java VM: OpenJDK 64-Bit Server VM (21.0.7+-13880790-b1038.58, mixed mode, tiered, compressed oops, compressed class ptrs, g1 gc, windows-amd64)
GC Precious Log:
 CardTable entry size: 512
 Card Set container configuration: InlinePtr #cards 5 size 8 Array Of Cards #cards 12 size 40 Howl #buckets 4 coarsen threshold 1843 Howl Bitmap #cards 512 size 80 coarsen threshold 460 Card regions per heap region 1 cards per card region 2048
 CPUs: 4 total, 4 available
 Memory: 11982M
 Large Page Support: Disabled
 NUMA Support: Disabled
 Compressed Oops: Enabled (32-bit)
 Heap Region Size: 1M
 Heap Min Capacity: 8M
 Heap Initial Capacity: 188M
 Heap Max Capacity: 2G
 Pre-touch: Disabled
 Parallel Workers: 4
 Concurrent Workers: 1
 Concurrent Refinement Workers: 4
 Periodic GC: Disabled
Heap:
 garbage-first heap   total 322560K, used 244224K [0x0000000080000000, 0x0000000100000000)
  region size 1024K, 66 young (67584K), 4 survivors (4096K)
 Metaspace       used 158153K, committed 160576K, reserved 1245184K
  class space    used 21416K, committed 22656K, reserved 1048576K
GC Heap History (20 events):
Event: 128.461 GC heap before
{Heap before GC invocations=61 (full 0):
 garbage-first heap   total 219136K, used 202309K [0x0000000080000000, 0x0000000100000000)
  region size 1024K, 71 young (72704K), 6 survivors (6144K)
 Metaspace       used 124921K, committed 127104K, reserved 1179648K
  class space    used 17036K, committed 18112K, reserved 1048576K
}
Event: 128.499 GC heap after
{Heap after GC invocations=62 (full 0):
 garbage-first heap   total 238592K, used 157184K [0x0000000080000000, 0x0000000100000000)
  region size 1024K, 9 young (9216K), 9 survivors (9216K)
 Metaspace       used 124921K, committed 127104K, reserved 1179648K
  class space    used 17036K, committed 18112K, reserved 1048576K
}
Event: 130.172 GC heap before
{Heap before GC invocations=62 (full 0):
 garbage-first heap   total 238592K, used 182784K [0x0000000080000000, 0x0000000100000000)
  region size 1024K, 36 young (36864K), 9 survivors (9216K)
 Metaspace       used 125206K, committed 127424K, reserved 1179648K
  class space    used 17056K, committed 18176K, reserved 1048576K
}
Event: 130.251 GC heap after
{Heap after GC invocations=63 (full 0):
 garbage-first heap   total 238592K, used 171520K [0x0000000080000000, 0x0000000100000000)
  region size 1024K, 7 young (7168K), 7 survivors (7168K)
 Metaspace       used 125206K, committed 127424K, reserved 1179648K
  class space    used 17056K, committed 18176K, reserved 1048576K
}
Event: 142.020 GC heap before
{Heap before GC invocations=64 (full 0):
 garbage-first heap   total 322560K, used 230912K [0x0000000080000000, 0x0000000100000000)
  region size 1024K, 39 young (39936K), 7 survivors (7168K)
 Metaspace       used 127430K, committed 129728K, reserved 1179648K
  class space    used 17305K, committed 18432K, reserved 1048576K
}
Event: 142.030 GC heap after
{Heap after GC invocations=65 (full 0):
 garbage-first heap   total 322560K, used 174565K [0x0000000080000000, 0x0000000100000000)
  region size 1024K, 3 young (3072K), 3 survivors (3072K)
 Metaspace       used 127430K, committed 129728K, reserved 1179648K
  class space    used 17305K, committed 18432K, reserved 1048576K
}
Event: 144.385 GC heap before
{Heap before GC invocations=65 (full 0):
 garbage-first heap   total 322560K, used 268773K [0x0000000080000000, 0x0000000100000000)
  region size 1024K, 96 young (98304K), 3 survivors (3072K)
 Metaspace       used 128037K, committed 130304K, reserved 1179648K
  class space    used 17363K, committed 18496K, reserved 1048576K
}
Event: 144.394 GC heap after
{Heap after GC invocations=66 (full 0):
 garbage-first heap   total 322560K, used 177678K [0x0000000080000000, 0x0000000100000000)
  region size 1024K, 7 young (7168K), 7 survivors (7168K)
 Metaspace       used 128037K, committed 130304K, reserved 1179648K
  class space    used 17363K, committed 18496K, reserved 1048576K
}
Event: 146.360 GC heap before
{Heap before GC invocations=66 (full 0):
 garbage-first heap   total 322560K, used 278030K [0x0000000080000000, 0x0000000100000000)
  region size 1024K, 106 young (108544K), 7 survivors (7168K)
 Metaspace       used 129075K, committed 131392K, reserved 1179648K
  class space    used 17490K, committed 18688K, reserved 1048576K
}
Event: 146.378 GC heap after
{Heap after GC invocations=67 (full 0):
 garbage-first heap   total 322560K, used 183141K [0x0000000080000000, 0x0000000100000000)
  region size 1024K, 12 young (12288K), 12 survivors (12288K)
 Metaspace       used 129075K, committed 131392K, reserved 1179648K
  class space    used 17490K, committed 18688K, reserved 1048576K
}
Event: 152.857 GC heap before
{Heap before GC invocations=67 (full 0):
 garbage-first heap   total 322560K, used 281445K [0x0000000080000000, 0x0000000100000000)
  region size 1024K, 109 young (111616K), 12 survivors (12288K)
 Metaspace       used 129783K, committed 132032K, reserved 1179648K
  class space    used 17563K, committed 18688K, reserved 1048576K
}
Event: 152.909 GC heap after
{Heap after GC invocations=68 (full 0):
 garbage-first heap   total 322560K, used 189214K [0x0000000080000000, 0x0000000100000000)
  region size 1024K, 14 young (14336K), 14 survivors (14336K)
 Metaspace       used 129783K, committed 132032K, reserved 1179648K
  class space    used 17563K, committed 18688K, reserved 1048576K
}
Event: 154.380 GC heap before
{Heap before GC invocations=69 (full 0):
 garbage-first heap   total 322560K, used 285470K [0x0000000080000000, 0x0000000100000000)
  region size 1024K, 109 young (111616K), 14 survivors (14336K)
 Metaspace       used 133729K, committed 136064K, reserved 1179648K
  class space    used 17897K, committed 19072K, reserved 1048576K
}
Event: 154.397 GC heap after
{Heap after GC invocations=70 (full 0):
 garbage-first heap   total 322560K, used 189614K [0x0000000080000000, 0x0000000100000000)
  region size 1024K, 6 young (6144K), 6 survivors (6144K)
 Metaspace       used 133729K, committed 136064K, reserved 1179648K
  class space    used 17897K, committed 19072K, reserved 1048576K
}
Event: 227.475 GC heap before
{Heap before GC invocations=70 (full 0):
 garbage-first heap   total 322560K, used 290990K [0x0000000080000000, 0x0000000100000000)
  region size 1024K, 104 young (106496K), 6 survivors (6144K)
 Metaspace       used 141829K, committed 144256K, reserved 1179648K
  class space    used 19051K, committed 20288K, reserved 1048576K
}
Event: 227.541 GC heap after
{Heap after GC invocations=71 (full 0):
 garbage-first heap   total 322560K, used 179100K [0x0000000080000000, 0x0000000100000000)
  region size 1024K, 11 young (11264K), 11 survivors (11264K)
 Metaspace       used 141829K, committed 144256K, reserved 1179648K
  class space    used 19051K, committed 20288K, reserved 1048576K
}
Event: 229.522 GC heap before
{Heap before GC invocations=71 (full 0):
 garbage-first heap   total 322560K, used 287644K [0x0000000080000000, 0x0000000100000000)
  region size 1024K, 118 young (120832K), 11 survivors (11264K)
 Metaspace       used 152895K, committed 155264K, reserved 1245184K
  class space    used 20693K, committed 21888K, reserved 1048576K
}
Event: 229.571 GC heap after
{Heap after GC invocations=72 (full 0):
 garbage-first heap   total 322560K, used 187392K [0x0000000080000000, 0x0000000100000000)
  region size 1024K, 15 young (15360K), 15 survivors (15360K)
 Metaspace       used 152895K, committed 155264K, reserved 1245184K
  class space    used 20693K, committed 21888K, reserved 1048576K
}
Event: 231.866 GC heap before
{Heap before GC invocations=73 (full 0):
 garbage-first heap   total 322560K, used 277504K [0x0000000080000000, 0x0000000100000000)
  region size 1024K, 115 young (117760K), 15 survivors (15360K)
 Metaspace       used 156011K, committed 158464K, reserved 1245184K
  class space    used 21091K, committed 22336K, reserved 1048576K
}
Event: 231.890 GC heap after
{Heap after GC invocations=74 (full 0):
 garbage-first heap   total 322560K, used 179712K [0x0000000080000000, 0x0000000100000000)
  region size 1024K, 4 young (4096K), 4 survivors (4096K)
 Metaspace       used 156011K, committed 158464K, reserved 1245184K
  class space    used 21091K, committed 22336K, reserved 1048576K
}

